
  .   ____          _            __ _ _
 /\\ / ___'_ __ _ _(_)_ __  __ _ \ \ \ \
( ( )\___ | '_ | '_| | '_ \/ _` | \ \ \ \
 \\/  ___)| |_)| | | | | || (_| |  ) ) ) )
  '  |____| .__|_| |_|_| |_\__, | / / / /
 =========|_|==============|___/=/_/_/_/
 :: Spring Boot ::                (v3.1.2)

2024-07-28T00:56:25.675+09:00  INFO 41392 --- [           main] c.e.mtm.sample.TellerSpringApplication   : Starting TellerSpringApplication v24.2.1 using Java 21.0.2 with PID 41392 (C:\Workspace\microtx-mysample-01\teller-spring\target\teller-spring.jar started by kubel in C:\Workspace\microtx-mysample-01)
2024-07-28T00:56:25.677+09:00  INFO 41392 --- [           main] c.e.mtm.sample.TellerSpringApplication   : The following 1 profile is active: "test"
2024-07-28T00:56:26.925+09:00  INFO 41392 --- [           main] o.s.b.w.embedded.tomcat.TomcatWebServer  : Tomcat initialized with port(s): 8080 (http)
2024-07-28T00:56:26.932+09:00  INFO 41392 --- [           main] o.apache.catalina.core.StandardService   : Starting service [Tomcat]
2024-07-28T00:56:26.932+09:00  INFO 41392 --- [           main] o.apache.catalina.core.StandardEngine    : Starting Servlet engine: [Apache Tomcat/10.1.11]
2024-07-28T00:56:27.001+09:00  INFO 41392 --- [           main] o.a.c.c.C.[Tomcat].[localhost].[/]       : Initializing Spring embedded WebApplicationContext
2024-07-28T00:56:27.002+09:00  INFO 41392 --- [           main] w.s.c.ServletWebServerApplicationContext : Root WebApplicationContext: initialization completed in 1261 ms
2024-07-28T00:56:27.145+09:00  INFO 41392 --- [           main] c.o.m.s.MicroTxConfigProperties          : Propagation Active : true
2024-07-28T00:56:27.147+09:00  INFO 41392 --- [           main] c.o.m.s.MicroTxConfigProperties          : Xa txn LLR support : false
2024-07-28T00:56:27.148+09:00  INFO 41392 --- [           main] c.o.m.s.MicroTxConfigProperties          : Xa txn LRC support : false
2024-07-28T00:56:27.148+09:00  INFO 41392 --- [           main] c.o.m.s.MicroTxConfigProperties          : Xa txn promotable enabled : false
2024-07-28T00:56:27.148+09:00  INFO 41392 --- [           main] c.o.m.s.MicroTxConfigProperties          : Xa txn RAC enabled : false
2024-07-28T00:56:27.148+09:00  INFO 41392 --- [           main] c.o.m.s.MicroTxConfigProperties          : Xa txn wls txn support : false
2024-07-28T00:56:27.148+09:00  INFO 41392 --- [           main] c.o.m.s.MicroTxConfigProperties          : Xa txn XA support : true
2024-07-28T00:56:27.151+09:00  INFO 41392 --- [           main] c.o.m.s.MicroTxConfigProperties          : Coordinator Url : http://172.30.1.16:9000/api/v1
2024-07-28T00:56:27.151+09:00  INFO 41392 --- [           main] c.o.m.s.MicroTxConfigProperties          : Http Client Connection pool size : 60
2024-07-28T00:56:27.151+09:00  INFO 41392 --- [           main] c.o.m.s.MicroTxConfigProperties          : Participant Url : http://172.30.1.16:8080
2024-07-28T00:56:27.151+09:00  INFO 41392 --- [           main] c.o.m.s.MicroTxConfigProperties          : Xa txn timeout : 60000
2024-07-28T00:56:27.151+09:00  INFO 41392 --- [           main] c.o.m.s.MicroTxConfigProperties          : Xa txn weblogic namespace : weblogic
2024-07-28T00:56:27.847+09:00  WARN 41392 --- [           main] ConfigServletWebServerApplicationContext : Exception encountered during context initialization - cancelling refresh attempt: org.springframework.context.ApplicationContextException: Failed to start bean 'webServerStartStop'
2024-07-28T00:56:27.871+09:00  INFO 41392 --- [           main] o.apache.catalina.core.StandardService   : Stopping service [Tomcat]
2024-07-28T00:56:28.049+09:00  INFO 41392 --- [           main] .s.b.a.l.ConditionEvaluationReportLogger : 

Error starting ApplicationContext. To display the condition evaluation report re-run your application with 'debug' enabled.
2024-07-28T00:56:28.066+09:00 ERROR 41392 --- [           main] o.s.b.d.LoggingFailureAnalysisReporter   : 

***************************
APPLICATION FAILED TO START
***************************

Description:

Web server failed to start. Port 8080 was already in use.

Action:

Identify and stop the process that's listening on port 8080 or configure this application to listen on another port.

